# JRE version: OpenJDK Runtime Environment (8.0_242-b01) (build 1.8.0_242-release-1644-b01)
# Java VM: OpenJDK 64-Bit Server VM (25.242-b01 mixed mode windows-amd64 compressed oops)
Heap:
 PSYoungGen      total 438272K, used 86998K [0x00000000d5580000, 0x00000000ffd00000, 0x0000000100000000)
  eden space 427520K, 17% used [0x00000000d5580000,0x00000000da062400,0x00000000ef700000)
  from space 10752K, 95% used [0x00000000ef700000,0x00000000f0113488,0x00000000f0180000)
  to   space 134144K, 0% used [0x00000000f7a00000,0x00000000f7a00000,0x00000000ffd00000)
 ParOldGen       total 226304K, used 164344K [0x0000000080000000, 0x000000008dd00000, 0x00000000d5580000)
  object space 226304K, 72% used [0x0000000080000000,0x000000008a07e100,0x000000008dd00000)
 Metaspace       used 94824K, capacity 100600K, committed 100760K, reserved 1136640K
  class space    used 12528K, capacity 13622K, committed 13728K, reserved 1048576K
GC Heap History (10 events):
Event: 502.692 GC heap before
{Heap before GC invocations=29 (full 6):
 PSYoungGen      total 558080K, used 558070K [0x00000000d5580000, 0x0000000100000000, 0x0000000100000000)
  eden space 464384K, 100% used [0x00000000d5580000,0x00000000f1b00000,0x00000000f1b00000)
  from space 93696K, 99% used [0x00000000f9180000,0x00000000fecfd9e8,0x00000000fed00000)
  to   space 117248K, 0% used [0x00000000f1b00000,0x00000000f1b00000,0x00000000f8d80000)
 ParOldGen       total 226304K, used 112291K [0x0000000080000000, 0x000000008dd00000, 0x00000000d5580000)
  object space 226304K, 49% used [0x0000000080000000,0x0000000086da8e60,0x000000008dd00000)
 Metaspace       used 90869K, capacity 95532K, committed 95640K, reserved 1132544K
  class space    used 12059K, capacity 12928K, committed 12960K, reserved 1048576K
Event: 503.741 GC heap after
Heap after GC invocations=29 (full 6):
 PSYoungGen      total 555520K, used 90947K [0x00000000d5580000, 0x0000000100000000, 0x0000000100000000)
  eden space 464384K, 0% used [0x00000000d5580000,0x00000000d5580000,0x00000000f1b00000)
  from space 91136K, 99% used [0x00000000f1b00000,0x00000000f73d0c70,0x00000000f7400000)
  to   space 128000K, 0% used [0x00000000f8300000,0x00000000f8300000,0x0000000100000000)
 ParOldGen       total 226304K, used 149332K [0x0000000080000000, 0x000000008dd00000, 0x00000000d5580000)
  object space 226304K, 65% used [0x0000000080000000,0x00000000891d5348,0x000000008dd00000)
 Metaspace       used 90869K, capacity 95532K, committed 95640K, reserved 1132544K
  class space    used 12059K, capacity 12928K, committed 12960K, reserved 1048576K
}
Event: 612.559 GC heap before
{Heap before GC invocations=30 (full 6):
 PSYoungGen      total 555520K, used 555331K [0x00000000d5580000, 0x0000000100000000, 0x0000000100000000)
  eden space 464384K, 100% used [0x00000000d5580000,0x00000000f1b00000,0x00000000f1b00000)
  from space 91136K, 99% used [0x00000000f1b00000,0x00000000f73d0c70,0x00000000f7400000)
  to   space 128000K, 0% used [0x00000000f8300000,0x00000000f8300000,0x0000000100000000)
 ParOldGen       total 226304K, used 149332K [0x0000000080000000, 0x000000008dd00000, 0x00000000d5580000)
  object space 226304K, 65% used [0x0000000080000000,0x00000000891d5348,0x000000008dd00000)
 Metaspace       used 91221K, capacity 96012K, committed 96280K, reserved 1132544K
  class space    used 12086K, capacity 12970K, committed 13088K, reserved 1048576K
Event: 612.660 GC heap after
Heap after GC invocations=30 (full 6):
 PSYoungGen      total 574464K, used 17715K [0x00000000d5580000, 0x0000000100000000, 0x0000000100000000)
  eden space 446464K, 0% used [0x00000000d5580000,0x00000000d5580000,0x00000000f0980000)
  from space 128000K, 13% used [0x00000000f8300000,0x00000000f944cd70,0x0000000100000000)
  to   space 124416K, 0% used [0x00000000f0980000,0x00000000f0980000,0x00000000f8300000)
 ParOldGen       total 226304K, used 152562K [0x0000000080000000, 0x000000008dd00000, 0x00000000d5580000)
  object space 226304K, 67% used [0x0000000080000000,0x00000000894fc988,0x000000008dd00000)
 Metaspace       used 91221K, capacity 96012K, committed 96280K, reserved 1132544K
  class space    used 12086K, capacity 12970K, committed 13088K, reserved 1048576K
}
Event: 626.317 GC heap before
{Heap before GC invocations=31 (full 6):
 PSYoungGen      total 574464K, used 464179K [0x00000000d5580000, 0x0000000100000000, 0x0000000100000000)
  eden space 446464K, 100% used [0x00000000d5580000,0x00000000f0980000,0x00000000f0980000)
  from space 128000K, 13% used [0x00000000f8300000,0x00000000f944cd70,0x0000000100000000)
  to   space 124416K, 0% used [0x00000000f0980000,0x00000000f0980000,0x00000000f8300000)
 ParOldGen       total 226304K, used 152562K [0x0000000080000000, 0x000000008dd00000, 0x00000000d5580000)
  object space 226304K, 67% used [0x0000000080000000,0x00000000894fc988,0x000000008dd00000)
 Metaspace       used 91382K, capacity 96174K, committed 96536K, reserved 1132544K
  class space    used 12087K, capacity 12971K, committed 13088K, reserved 1048576K
Event: 627.065 GC heap after
Heap after GC invocations=31 (full 6):
 PSYoungGen      total 563200K, used 116435K [0x00000000d5580000, 0x0000000100000000, 0x0000000100000000)
  eden space 446464K, 0% used [0x00000000d5580000,0x00000000d5580000,0x00000000f0980000)
  from space 116736K, 99% used [0x00000000f0980000,0x00000000f7b34c38,0x00000000f7b80000)
  to   space 135680K, 0% used [0x00000000f7b80000,0x00000000f7b80000,0x0000000100000000)
 ParOldGen       total 226304K, used 158946K [0x0000000080000000, 0x000000008dd00000, 0x00000000d5580000)
  object space 226304K, 70% used [0x0000000080000000,0x0000000089b38b08,0x000000008dd00000)
 Metaspace       used 91382K, capacity 96174K, committed 96536K, reserved 1132544K
  class space    used 12087K, capacity 12971K, committed 13088K, reserved 1048576K
}
Event: 1303.201 GC heap before
{Heap before GC invocations=32 (full 6):
 PSYoungGen      total 563200K, used 562611K [0x00000000d5580000, 0x0000000100000000, 0x0000000100000000)
  eden space 446464K, 99% used [0x00000000d5580000,0x00000000f0938008,0x00000000f0980000)
  from space 116736K, 99% used [0x00000000f0980000,0x00000000f7b34c38,0x00000000f7b80000)
  to   space 135680K, 0% used [0x00000000f7b80000,0x00000000f7b80000,0x0000000100000000)
 ParOldGen       total 226304K, used 158946K [0x0000000080000000, 0x000000008dd00000, 0x00000000d5580000)
  object space 226304K, 70% used [0x0000000080000000,0x0000000089b38b08,0x000000008dd00000)
 Metaspace       used 92293K, capacity 97760K, committed 97944K, reserved 1134592K
  class space    used 12195K, capacity 13170K, committed 13216K, reserved 1048576K
Event: 1303.664 GC heap after
Heap after GC invocations=32 (full 6):
 PSYoungGen      total 563200K, used 55203K [0x00000000d5580000, 0x0000000100000000, 0x0000000100000000)
  eden space 427520K, 0% used [0x00000000d5580000,0x00000000d5580000,0x00000000ef700000)
  from space 135680K, 40% used [0x00000000f7b80000,0x00000000fb168d60,0x0000000100000000)
  to   space 135680K, 0% used [0x00000000ef700000,0x00000000ef700000,0x00000000f7b80000)
 ParOldGen       total 226304K, used 160854K [0x0000000080000000, 0x000000008dd00000, 0x00000000d5580000)
  object space 226304K, 71% used [0x0000000080000000,0x0000000089d15888,0x000000008dd00000)
 Metaspace       used 92293K, capacity 97760K, committed 97944K, reserved 1134592K
  class space    used 12195K, capacity 13170K, committed 13216K, reserved 1048576K
}
Event: 3107.928 GC heap before
{Heap before GC invocations=33 (full 6):
 PSYoungGen      total 563200K, used 482723K [0x00000000d5580000, 0x0000000100000000, 0x0000000100000000)
  eden space 427520K, 100% used [0x00000000d5580000,0x00000000ef700000,0x00000000ef700000)
  from space 135680K, 40% used [0x00000000f7b80000,0x00000000fb168d60,0x0000000100000000)
  to   space 135680K, 0% used [0x00000000ef700000,0x00000000ef700000,0x00000000f7b80000)
 ParOldGen       total 226304K, used 160854K [0x0000000080000000, 0x000000008dd00000, 0x00000000d5580000)
  object space 226304K, 71% used [0x0000000080000000,0x0000000089d15888,0x000000008dd00000)
 Metaspace       used 92386K, capacity 97778K, committed 97944K, reserved 1134592K
  class space    used 12196K, capacity 13173K, committed 13216K, reserved 1048576K
Event: 3108.152 GC heap after
Heap after GC invocations=33 (full 6):
 PSYoungGen      total 438272K, used 10317K [0x00000000d5580000, 0x00000000ffd00000, 0x0000000100000000)
  eden space 427520K, 0% used [0x00000000d5580000,0x00000000d5580000,0x00000000ef700000)
  from space 10752K, 95% used [0x00000000ef700000,0x00000000f0113488,0x00000000f0180000)
  to   space 134144K, 0% used [0x00000000f7a00000,0x00000000f7a00000,0x00000000ffd00000)
 ParOldGen       total 226304K, used 164344K [0x0000000080000000, 0x000000008dd00000, 0x00000000d5580000)
  object space 226304K, 72% used [0x0000000080000000,0x000000008a07e100,0x000000008dd00000)
 Metaspace       used 92386K, capacity 97778K, committed 97944K, reserved 1134592K
  class space    used 12196K, capacity 13173K, committed 13216K, reserved 1048576K
}

