# JRE version: OpenJDK Runtime Environment (8.0_242-b01) (build 1.8.0_242-release-1644-b01)
# Java VM: OpenJDK 64-Bit Server VM (25.242-b01 mixed mode windows-amd64 compressed oops)
Heap:
 PSYoungGen      total 586752K, used 71586K [0x00000000d5580000, 0x0000000100000000, 0x0000000100000000)
  eden space 485888K, 0% used [0x00000000d5580000,0x00000000d5580000,0x00000000f3000000)
  from space 100864K, 70% used [0x00000000f9d80000,0x00000000fe3689a0,0x0000000100000000)
  to   space 106496K, 0% used [0x00000000f3000000,0x00000000f3000000,0x00000000f9800000)
 ParOldGen       total 169472K, used 146111K [0x0000000080000000, 0x000000008a580000, 0x00000000d5580000)
  object space 169472K, 86% used [0x0000000080000000,0x0000000088eaff58,0x000000008a580000)
 Metaspace       used 156058K, capacity 163846K, committed 163916K, reserved 1191936K
  class space    used 20237K, capacity 21872K, committed 21888K, reserved 1048576K
GC Heap History (10 events):
Event: 735.636 GC heap after
Heap after GC invocations=28 (full 4):
 PSYoungGen      total 513536K, used 38517K [0x00000000d5580000, 0x00000000f8c00000, 0x0000000100000000)
  eden space 458240K, 0% used [0x00000000d5580000,0x00000000d5580000,0x00000000f1500000)
  from space 55296K, 69% used [0x00000000f4d80000,0x00000000f731d618,0x00000000f8380000)
  to   space 57856K, 0% used [0x00000000f1500000,0x00000000f1500000,0x00000000f4d80000)
 ParOldGen       total 169472K, used 91375K [0x0000000080000000, 0x000000008a580000, 0x00000000d5580000)
  object space 169472K, 53% used [0x0000000080000000,0x000000008593bc00,0x000000008a580000)
 Metaspace       used 119712K, capacity 125156K, committed 125260K, reserved 1157120K
  class space    used 15642K, capacity 16764K, committed 16768K, reserved 1048576K
}
Event: 749.531 GC heap before
{Heap before GC invocations=29 (full 4):
 PSYoungGen      total 513536K, used 496757K [0x00000000d5580000, 0x00000000f8c00000, 0x0000000100000000)
  eden space 458240K, 100% used [0x00000000d5580000,0x00000000f1500000,0x00000000f1500000)
  from space 55296K, 69% used [0x00000000f4d80000,0x00000000f731d618,0x00000000f8380000)
  to   space 57856K, 0% used [0x00000000f1500000,0x00000000f1500000,0x00000000f4d80000)
 ParOldGen       total 169472K, used 91375K [0x0000000080000000, 0x000000008a580000, 0x00000000d5580000)
  object space 169472K, 53% used [0x0000000080000000,0x000000008593bc00,0x000000008a580000)
 Metaspace       used 121037K, capacity 126806K, committed 127052K, reserved 1159168K
  class space    used 15814K, capacity 16985K, committed 17024K, reserved 1048576K
Event: 749.737 GC heap after
Heap after GC invocations=29 (full 4):
 PSYoungGen      total 516096K, used 57015K [0x00000000d5580000, 0x00000000fcb00000, 0x0000000100000000)
  eden space 458240K, 0% used [0x00000000d5580000,0x00000000d5580000,0x00000000f1500000)
  from space 57856K, 98% used [0x00000000f1500000,0x00000000f4cadd30,0x00000000f4d80000)
  to   space 66048K, 0% used [0x00000000f8a80000,0x00000000f8a80000,0x00000000fcb00000)
 ParOldGen       total 169472K, used 91383K [0x0000000080000000, 0x000000008a580000, 0x00000000d5580000)
  object space 169472K, 53% used [0x0000000080000000,0x000000008593dc00,0x000000008a580000)
 Metaspace       used 121037K, capacity 126806K, committed 127052K, reserved 1159168K
  class space    used 15814K, capacity 16985K, committed 17024K, reserved 1048576K
}
Event: 819.314 GC heap before
{Heap before GC invocations=30 (full 4):
 PSYoungGen      total 516096K, used 515255K [0x00000000d5580000, 0x00000000fcb00000, 0x0000000100000000)
  eden space 458240K, 100% used [0x00000000d5580000,0x00000000f1500000,0x00000000f1500000)
  from space 57856K, 98% used [0x00000000f1500000,0x00000000f4cadd30,0x00000000f4d80000)
  to   space 66048K, 0% used [0x00000000f8a80000,0x00000000f8a80000,0x00000000fcb00000)
 ParOldGen       total 169472K, used 91383K [0x0000000080000000, 0x000000008a580000, 0x00000000d5580000)
  object space 169472K, 53% used [0x0000000080000000,0x000000008593dc00,0x000000008a580000)
 Metaspace       used 140328K, capacity 147098K, committed 147276K, reserved 1177600K
  class space    used 18286K, capacity 19720K, committed 19840K, reserved 1048576K
Event: 820.881 GC heap after
Heap after GC invocations=30 (full 4):
 PSYoungGen      total 559104K, used 66022K [0x00000000d5580000, 0x00000000ff280000, 0x0000000100000000)
  eden space 493056K, 0% used [0x00000000d5580000,0x00000000d5580000,0x00000000f3700000)
  from space 66048K, 99% used [0x00000000f8a80000,0x00000000fcaf9928,0x00000000fcb00000)
  to   space 85504K, 0% used [0x00000000f3700000,0x00000000f3700000,0x00000000f8a80000)
 ParOldGen       total 169472K, used 115789K [0x0000000080000000, 0x000000008a580000, 0x00000000d5580000)
  object space 169472K, 68% used [0x0000000080000000,0x0000000087113450,0x000000008a580000)
 Metaspace       used 140328K, capacity 147098K, committed 147276K, reserved 1177600K
  class space    used 18286K, capacity 19720K, committed 19840K, reserved 1048576K
}
Event: 2737.014 GC heap before
{Heap before GC invocations=31 (full 4):
 PSYoungGen      total 559104K, used 559078K [0x00000000d5580000, 0x00000000ff280000, 0x0000000100000000)
  eden space 493056K, 100% used [0x00000000d5580000,0x00000000f3700000,0x00000000f3700000)
  from space 66048K, 99% used [0x00000000f8a80000,0x00000000fcaf9928,0x00000000fcb00000)
  to   space 85504K, 0% used [0x00000000f3700000,0x00000000f3700000,0x00000000f8a80000)
 ParOldGen       total 169472K, used 115789K [0x0000000080000000, 0x000000008a580000, 0x00000000d5580000)
  object space 169472K, 68% used [0x0000000080000000,0x0000000087113450,0x000000008a580000)
 Metaspace       used 155053K, capacity 162836K, committed 163148K, reserved 1189888K
  class space    used 20139K, capacity 21777K, committed 21888K, reserved 1048576K
Event: 2738.628 GC heap after
Heap after GC invocations=31 (full 4):
 PSYoungGen      total 578560K, used 85499K [0x00000000d5580000, 0x0000000100000000, 0x0000000100000000)
  eden space 493056K, 0% used [0x00000000d5580000,0x00000000d5580000,0x00000000f3700000)
  from space 85504K, 99% used [0x00000000f3700000,0x00000000f8a7ee68,0x00000000f8a80000)
  to   space 100864K, 0% used [0x00000000f9d80000,0x00000000f9d80000,0x0000000100000000)
 ParOldGen       total 169472K, used 120504K [0x0000000080000000, 0x000000008a580000, 0x00000000d5580000)
  object space 169472K, 71% used [0x0000000080000000,0x00000000875ae180,0x000000008a580000)
 Metaspace       used 155053K, capacity 162836K, committed 163148K, reserved 1189888K
  class space    used 20139K, capacity 21777K, committed 21888K, reserved 1048576K
}
Event: 2741.850 GC heap before
{Heap before GC invocations=32 (full 4):
 PSYoungGen      total 578560K, used 215498K [0x00000000d5580000, 0x0000000100000000, 0x0000000100000000)
  eden space 493056K, 26% used [0x00000000d5580000,0x00000000dd473ab0,0x00000000f3700000)
  from space 85504K, 99% used [0x00000000f3700000,0x00000000f8a7ee68,0x00000000f8a80000)
  to   space 100864K, 0% used [0x00000000f9d80000,0x00000000f9d80000,0x0000000100000000)
 ParOldGen       total 169472K, used 120504K [0x0000000080000000, 0x000000008a580000, 0x00000000d5580000)
  object space 169472K, 71% used [0x0000000080000000,0x00000000875ae180,0x000000008a580000)
 Metaspace       used 156058K, capacity 163846K, committed 163916K, reserved 1191936K
  class space    used 20237K, capacity 21872K, committed 21888K, reserved 1048576K
Event: 2742.046 GC heap after
Heap after GC invocations=32 (full 4):
 PSYoungGen      total 586752K, used 71586K [0x00000000d5580000, 0x0000000100000000, 0x0000000100000000)
  eden space 485888K, 0% used [0x00000000d5580000,0x00000000d5580000,0x00000000f3000000)
  from space 100864K, 70% used [0x00000000f9d80000,0x00000000fe3689a0,0x0000000100000000)
  to   space 106496K, 0% used [0x00000000f3000000,0x00000000f3000000,0x00000000f9800000)
 ParOldGen       total 169472K, used 146111K [0x0000000080000000, 0x000000008a580000, 0x00000000d5580000)
  object space 169472K, 86% used [0x0000000080000000,0x0000000088eaff58,0x000000008a580000)
 Metaspace       used 156058K, capacity 163846K, committed 163916K, reserved 1191936K
  class space    used 20237K, capacity 21872K, committed 21888K, reserved 1048576K
}
Event: 2742.047 GC heap before
{Heap before GC invocations=33 (full 5):
 PSYoungGen      total 586752K, used 71586K [0x00000000d5580000, 0x0000000100000000, 0x0000000100000000)
  eden space 485888K, 0% used [0x00000000d5580000,0x00000000d5580000,0x00000000f3000000)
  from space 100864K, 70% used [0x00000000f9d80000,0x00000000fe3689a0,0x0000000100000000)
  to   space 106496K, 0% used [0x00000000f3000000,0x00000000f3000000,0x00000000f9800000)
 ParOldGen       total 169472K, used 146111K [0x0000000080000000, 0x000000008a580000, 0x00000000d5580000)
  object space 169472K, 86% used [0x0000000080000000,0x0000000088eaff58,0x000000008a580000)
 Metaspace       used 156058K, capacity 163846K, committed 163916K, reserved 1191936K
  class space    used 20237K, capacity 21872K, committed 21888K, reserved 1048576K

